<?xml version="1.0" encoding="UTF-8"?>
<testng-results skipped="0" failed="0" ignored="0" total="1" passed="1">
  <reporter-output>
  </reporter-output>
  <suite name="Suite" duration-ms="12690" started-at="2020-08-02T19:33:14 IST" finished-at="2020-08-02T19:33:27 IST">
    <groups>
    </groups>
    <test name="Test" duration-ms="12690" started-at="2020-08-02T19:33:14 IST" finished-at="2020-08-02T19:33:27 IST">
      <class name="demo.demorunTest">
        <test-method status="PASS" signature="demorunjenkin()[pri:0, instance:demo.demorunTest@4f063c0a]" name="demorunjenkin" duration-ms="12625" started-at="2020-08-02T19:33:14 IST" finished-at="2020-08-02T19:33:27 IST">
          <reporter-output>
          </reporter-output>
        </test-method> <!-- demorunjenkin -->
      </class> <!-- demo.demorunTest -->
    </test> <!-- Test -->
  </suite> <!-- Suite -->
</testng-results>
